2015-07-07 17:07:32,463 browser.py[line:14] DEBUG - browser : firefox
2015-07-07 17:07:35,904 WebdriverBaseApi.py[line:234] DEBUG - setWindowsSize width=1400, height=800
2015-07-07 17:07:35,904 WebdriverBaseApi.py[line:42] INFO  - method 【setWindowsSize】 运行通过.
2015-07-07 17:07:35,911 WebdriverBaseApi.py[line:271] DEBUG - setWindowsPosition x=80, y=0
2015-07-07 17:07:35,911 WebdriverBaseApi.py[line:42] INFO  - method 【setWindowsPosition】 运行通过.
2015-07-07 17:07:35,913 reset.py[line:40] DEBUG ===============================  setUp  =======================================
2015-07-07 17:07:36,668 WebdriverBaseApi.py[line:93] DEBUG - get(http://192.168.2.131:18004/otpcenter/login/login.jsp?outof=false#/)
2015-07-07 17:07:36,668 WebdriverBaseApi.py[line:42] INFO  - method 【get】 运行通过.
2015-07-07 17:07:36,732 WebdriverBaseApi.py[line:515] DEBUG - isElementPresentTuple by_id{ "validateCode" } 存在.
2015-07-07 17:07:36,732 WebdriverBaseApi.py[line:42] INFO  - method 【isElementPresentTuple】 运行通过.
2015-07-07 17:07:36,744 WebdriverBaseApi.py[line:1080] DEBUG - element is Displayed
2015-07-07 17:07:36,766 WebdriverBaseApi.py[line:515] DEBUG - isElementPresentTuple by_id{ "langSel" } 存在.
2015-07-07 17:07:36,766 WebdriverBaseApi.py[line:42] INFO  - method 【isElementPresentTuple】 运行通过.
2015-07-07 17:07:36,792 WebdriverBaseApi.py[line:1234] DEBUG - selectByValueBy "zh_CN" by_id{ "langSel" }
2015-07-07 17:07:36,793 WebdriverBaseApi.py[line:42] INFO  - method 【selectByValueBy】 运行通过.
2015-07-07 17:07:36,812 WebdriverBaseApi.py[line:515] DEBUG - isElementPresentTuple by_id{ "password" } 存在.
2015-07-07 17:07:36,812 WebdriverBaseApi.py[line:42] INFO  - method 【isElementPresentTuple】 运行通过.
2015-07-07 17:07:36,854 WebdriverBaseApi.py[line:859] DEBUG - sendKeysBy "1234" by_id{ "password" }
2015-07-07 17:07:36,854 WebdriverBaseApi.py[line:42] INFO  - method 【sendKeysBy】 运行通过.
2015-07-07 17:07:36,877 WebdriverBaseApi.py[line:515] DEBUG - isElementPresentTuple by_xpath{ "//*[@id='password']/ancestor::td/preceding-sibling::td[1]" } 存在.
2015-07-07 17:07:36,877 WebdriverBaseApi.py[line:42] INFO  - method 【isElementPresentTuple】 运行通过.
2015-07-07 17:07:36,887 WebdriverBaseApi.py[line:976] DEBUG - getTextBy[  ]
2015-07-07 17:07:36,887 WebdriverBaseApi.py[line:42] INFO  - method 【getTextBy】 运行通过.
2015-07-07 17:07:36,907 WebdriverBaseApi.py[line:515] DEBUG - isElementPresentTuple by_id{ "userId" } 存在.
2015-07-07 17:07:36,907 WebdriverBaseApi.py[line:42] INFO  - method 【isElementPresentTuple】 运行通过.
2015-07-07 17:07:36,946 WebdriverBaseApi.py[line:859] DEBUG - sendKeysBy "guobaifeng" by_id{ "userId" }
2015-07-07 17:07:36,947 WebdriverBaseApi.py[line:42] INFO  - method 【sendKeysBy】 运行通过.
2015-07-07 17:07:36,967 WebdriverBaseApi.py[line:515] DEBUG - isElementPresentTuple by_xpath{ "//*[@id='userId']/ancestor::td/preceding-sibling::td[1]" } 存在.
2015-07-07 17:07:36,969 WebdriverBaseApi.py[line:42] INFO  - method 【isElementPresentTuple】 运行通过.
2015-07-07 17:07:36,977 WebdriverBaseApi.py[line:976] DEBUG - getTextBy[  ]
2015-07-07 17:07:36,977 WebdriverBaseApi.py[line:42] INFO  - method 【getTextBy】 运行通过.
2015-07-07 17:07:37,867 WebdriverBaseApi.py[line:515] DEBUG - isElementPresentTuple by_id{ "validateCode" } 存在.
2015-07-07 17:07:37,867 WebdriverBaseApi.py[line:42] INFO  - method 【isElementPresentTuple】 运行通过.
2015-07-07 17:07:38,105 WebdriverBaseApi.py[line:697] DEBUG - clickRightBy by_id{ "validateCode" }
2015-07-07 17:07:38,204 WebdriverBaseApi.py[line:42] INFO  - method 【clickRightBy】 运行通过.
2015-07-07 17:07:38,539 WebdriverBaseApi.py[line:515] DEBUG - isElementPresentTuple by_id{ "checkCode" } 存在.
2015-07-07 17:07:38,539 WebdriverBaseApi.py[line:42] INFO  - method 【isElementPresentTuple】 运行通过.
2015-07-07 17:07:38,591 WebdriverBaseApi.py[line:859] DEBUG - sendKeysBy "0654" by_id{ "checkCode" }
2015-07-07 17:07:38,591 WebdriverBaseApi.py[line:42] INFO  - method 【sendKeysBy】 运行通过.
2015-07-07 17:07:38,622 WebdriverBaseApi.py[line:515] DEBUG - isElementPresentTuple by_link_text{ "登 录" } 存在.
2015-07-07 17:07:38,624 WebdriverBaseApi.py[line:42] INFO  - method 【isElementPresentTuple】 运行通过.
2015-07-07 17:07:38,624 WebdriverBaseApi.py[line:764] DEBUG - clickBy by_link_text{ "登 录" }
2015-07-07 17:07:38,686 WebdriverBaseApi.py[line:768] DEBUG element clicked.
2015-07-07 17:07:38,686 WebdriverBaseApi.py[line:42] INFO  - method 【clickBy】 运行通过.
2015-07-07 17:07:38,686 WebdriverBaseApi.py[line:727] DEBUG - jsReturner{ "return document.readyState;" }
2015-07-07 17:07:38,707 WebdriverBaseApi.py[line:1430] DEBUG execute_script[ 'return document.readyState;' ] return 'complete'
2015-07-07 17:07:38,808 WebdriverBaseApi.py[line:42] INFO  - method 【waitForPageLoad】 运行通过.
2015-07-07 17:07:39,267 WebdriverBaseApi.py[line:515] DEBUG - isElementPresentTuple by_link_text{ "安全退出" } 存在.
2015-07-07 17:07:39,267 WebdriverBaseApi.py[line:42] INFO  - method 【isElementPresentTuple】 运行通过.
2015-07-07 17:07:39,280 WebdriverBaseApi.py[line:1080] DEBUG - element is Displayed
2015-07-07 17:07:40,280 reset.py[line:57] DEBUG 

============================================================================
                test_batch_scrap_token: 测试--批量作废令牌
============================================================================
2015-07-07 17:07:40,301 WebdriverBaseApi.py[line:359] DEBUG - switchToDefaultFrame
2015-07-07 17:07:40,302 WebdriverBaseApi.py[line:42] INFO  - method 【switchToDefaultFrame】 运行通过.
2015-07-07 17:07:40,331 WebdriverBaseApi.py[line:1474] DEBUG - find_element_by_xpath{ "//li/a/span[contains(text(),'令牌管理')]" } 已找到
2015-07-07 17:07:40,331 WebdriverBaseApi.py[line:42] INFO  - method 【findElement】 运行通过.
2015-07-07 17:07:40,357 WebdriverBaseApi.py[line:635] DEBUG - moveToElement
2015-07-07 17:07:41,556 WebdriverBaseApi.py[line:42] INFO  - method 【moveToElement】 运行通过.
2015-07-07 17:07:41,578 WebdriverBaseApi.py[line:1474] DEBUG - find_element_by_xpath{ "//li/div/descendant::span[contains(text(),'令牌列表')]" } 已找到
2015-07-07 17:07:41,578 WebdriverBaseApi.py[line:42] INFO  - method 【findElement】 运行通过.
2015-07-07 17:07:41,604 WebdriverBaseApi.py[line:635] DEBUG - moveToElement
2015-07-07 17:07:42,805 WebdriverBaseApi.py[line:42] INFO  - method 【moveToElement】 运行通过.
2015-07-07 17:07:42,805 WebdriverBaseApi.py[line:711] DEBUG - jsExecuter{ "arguments[0].click();" }
2015-07-07 17:07:42,881 WebdriverBaseApi.py[line:667] DEBUG - moveByOffset(200, 400, 0)
2015-07-07 17:07:42,980 WebdriverBaseApi.py[line:42] INFO  - method 【moveByOffset】 运行通过.
2015-07-07 17:07:43,052 WebdriverBaseApi.py[line:359] DEBUG - switchToDefaultFrame
2015-07-07 17:07:43,052 WebdriverBaseApi.py[line:42] INFO  - method 【switchToDefaultFrame】 运行通过.
2015-07-07 17:07:43,165 WebdriverBaseApi.py[line:330] DEBUG - switchToFrame{ "0300" }
2015-07-07 17:07:43,165 WebdriverBaseApi.py[line:42] INFO  - method 【switchToFrame】 运行通过.
2015-07-07 17:07:43,397 WebdriverBaseApi.py[line:515] DEBUG - isElementPresentTuple by_partial_link_text{ "查 询" } 存在.
2015-07-07 17:07:43,397 WebdriverBaseApi.py[line:42] INFO  - method 【isElementPresentTuple】 运行通过.
2015-07-07 17:07:43,407 WebdriverBaseApi.py[line:1080] DEBUG - element is Displayed
2015-07-07 17:07:43,433 WebdriverBaseApi.py[line:515] DEBUG - isElementPresentTuple by_link_text{ "查 询" } 存在.
2015-07-07 17:07:43,433 WebdriverBaseApi.py[line:42] INFO  - method 【isElementPresentTuple】 运行通过.
2015-07-07 17:07:43,433 WebdriverBaseApi.py[line:764] DEBUG - clickBy by_link_text{ "查 询" }
2015-07-07 17:07:43,509 WebdriverBaseApi.py[line:768] DEBUG element clicked.
